***********************************************
2012-12-03 15:20:03:000000 (ART)
DO ARQUIVO: /administrator.php?ctg=module&op=module_xpay&action=do_payment&negociation_id=1372&invoice_index=1&output=dialog
OPERAﾃﾃグ: Transacao
ENVIO: <?xml version="1.0" encoding="UTF-8" ?>
<requisicao-transacao id="75aafb551ba4852fe549d12383671739" versao="1.2.0">
<dados-ec>
      <numero>1001734898</numero>
      <chave>e84827130b9837473681c2787007da5914d6359947015a5cdb2b8843db0fa832</chave>
   </dados-ec>
<dados-pedido>
      <numero>13720107</numero>
      <valor>100</valor>
      <moeda>986</moeda>
      <data-hora>2012-12-03T15:20:03</data-hora>
      <descricao>Douglas Nascimento de Jesus do Sacramento. (douglas.sacramento) - Mensalidade 1 </descricao>
      <idioma>PT</idioma>
   </dados-pedido>
   <forma-pagamento>
      <bandeira>visa</bandeira>
      <produto>1</produto>
      <parcelas>1</parcelas>
   </forma-pagamento>
   <url-retorno>http://www.sysclass.com/administrator.php?route=module/module_xpay_cielo/return_payment</url-retorno>
   <autorizar>2</autorizar>
<capturar>false</capturar>
 <campo-livre> - Mensalidade 1</campo-livre>
</requisicao-transacao>

***********************************************
2012-12-03 15:20:20:000000 (ART)
DO ARQUIVO: /administrator.php?ctg=module&op=module_xpay&action=do_payment&negociation_id=1372&invoice_index=1&output=dialog
OPERAﾃﾃグ: Transacao
RESPOSTA: The requested URL returned error: 503

***********************************************
2012-12-03 15:22:15:000000 (ART)
DO ARQUIVO: /administrator.php?ctg=module&op=module_xpay&action=do_payment&negociation_id=1372&invoice_index=1&output=dialog
OPERAﾃﾃグ: Transacao
ENVIO: <?xml version="1.0" encoding="UTF-8" ?>
<requisicao-transacao id="72f59e66a55c9f0d2c14f5e26f26b1e5" versao="1.2.0">
<dados-ec>
      <numero>1001734898</numero>
      <chave>e84827130b9837473681c2787007da5914d6359947015a5cdb2b8843db0fa832</chave>
   </dados-ec>
<dados-pedido>
      <numero>13720107</numero>
      <valor>100</valor>
      <moeda>986</moeda>
      <data-hora>2012-12-03T15:22:15</data-hora>
      <descricao>Douglas Nascimento de Jesus do Sacramento. (douglas.sacramento) - Mensalidade 1 </descricao>
      <idioma>PT</idioma>
   </dados-pedido>
   <forma-pagamento>
      <bandeira>visa</bandeira>
      <produto>1</produto>
      <parcelas>1</parcelas>
   </forma-pagamento>
   <url-retorno>http://www.sysclass.com/administrator.php?route=module/module_xpay_cielo/return_payment</url-retorno>
   <autorizar>2</autorizar>
<capturar>false</capturar>
 <campo-livre> - Mensalidade 1</campo-livre>
</requisicao-transacao>

***********************************************
2012-12-03 15:22:29:000000 (ART)
DO ARQUIVO: /administrator.php?ctg=module&op=module_xpay&action=do_payment&negociation_id=1372&invoice_index=1&output=dialog
OPERAﾃﾃグ: Transacao
RESPOSTA: The requested URL returned error: 503

***********************************************
2012-12-03 15:26:50:000000 (ART)
DO ARQUIVO: /administrator.php?ctg=module&op=module_xpay&action=do_payment&negociation_id=1372&invoice_index=1&output=dialog
OPERAﾃﾃグ: Transacao
ENVIO: <?xml version="1.0" encoding="UTF-8" ?>
<requisicao-transacao id="995f775216bd8f12de4cbfe484142f7b" versao="1.2.0">
<dados-ec>
      <numero>1001734898</numero>
      <chave>e84827130b9837473681c2787007da5914d6359947015a5cdb2b8843db0fa832</chave>
   </dados-ec>
<dados-pedido>
      <numero>13720107</numero>
      <valor>100</valor>
      <moeda>986</moeda>
      <data-hora>2012-12-03T15:26:50</data-hora>
      <descricao>Douglas Nascimento de Jesus do Sacramento. (douglas.sacramento) - Mensalidade 1 </descricao>
      <idioma>PT</idioma>
   </dados-pedido>
   <forma-pagamento>
      <bandeira>visa</bandeira>
      <produto>1</produto>
      <parcelas>1</parcelas>
   </forma-pagamento>
   <url-retorno>http://www.sysclass.com/administrator.php?route=module/module_xpay_cielo/return_payment</url-retorno>
   <autorizar>2</autorizar>
<capturar>false</capturar>
 <campo-livre> - Mensalidade 1</campo-livre>
</requisicao-transacao>

***********************************************
2012-12-03 15:27:05:000000 (ART)
DO ARQUIVO: /administrator.php?ctg=module&op=module_xpay&action=do_payment&negociation_id=1372&invoice_index=1&output=dialog
OPERAﾃﾃグ: Transacao
RESPOSTA: The requested URL returned error: 503

***********************************************
2012-12-03 15:27:32:000000 (ART)
DO ARQUIVO: /administrator.php?ctg=module&op=module_xpay&action=do_payment&negociation_id=1372&invoice_index=1&output=dialog
OPERAﾃﾃグ: Transacao
ENVIO: <?xml version="1.0" encoding="UTF-8" ?>
<requisicao-transacao id="e982a625ed33839db21ad0eecacf1f60" versao="1.2.0">
<dados-ec>
      <numero>1001734898</numero>
      <chave>e84827130b9837473681c2787007da5914d6359947015a5cdb2b8843db0fa832</chave>
   </dados-ec>
<dados-pedido>
      <numero>13720107</numero>
      <valor>100</valor>
      <moeda>986</moeda>
      <data-hora>2012-12-03T15:27:32</data-hora>
      <descricao>Douglas Nascimento de Jesus do Sacramento. (douglas.sacramento) - Mensalidade 1 </descricao>
      <idioma>PT</idioma>
   </dados-pedido>
   <forma-pagamento>
      <bandeira>visa</bandeira>
      <produto>1</produto>
      <parcelas>1</parcelas>
   </forma-pagamento>
   <url-retorno>http://www.sysclass.com/administrator.php?route=module/module_xpay_cielo/return_payment</url-retorno>
   <autorizar>2</autorizar>
<capturar>false</capturar>
 <campo-livre> - Mensalidade 1</campo-livre>
</requisicao-transacao>

***********************************************
2012-12-03 15:28:21:000000 (ART)
DO ARQUIVO: /administrator.php?ctg=module&op=module_xpay&action=do_payment&negociation_id=1372&invoice_index=1&output=dialog
OPERAﾃﾃグ: Transacao
ENVIO: <?xml version="1.0" encoding="UTF-8" ?>
<requisicao-transacao id="83f6b42d2487015a736e6d113bdde789" versao="1.2.0">
<dados-ec>
      <numero>1001734898</numero>
      <chave>e84827130b9837473681c2787007da5914d6359947015a5cdb2b8843db0fa832</chave>
   </dados-ec>
<dados-pedido>
      <numero>13720107</numero>
      <valor>100</valor>
      <moeda>986</moeda>
      <data-hora>2012-12-03T15:28:21</data-hora>
      <descricao>Douglas Nascimento de Jesus do Sacramento. (douglas.sacramento) - Mensalidade 1 </descricao>
      <idioma>PT</idioma>
   </dados-pedido>
   <forma-pagamento>
      <bandeira>visa</bandeira>
      <produto>1</produto>
      <parcelas>1</parcelas>
   </forma-pagamento>
   <url-retorno>http://www.sysclass.com/administrator.php?route=module/module_xpay_cielo/return_payment</url-retorno>
   <autorizar>2</autorizar>
<capturar>false</capturar>
 <campo-livre> - Mensalidade 1</campo-livre>
</requisicao-transacao>

***********************************************
2012-12-03 15:30:06:000000 (ART)
DO ARQUIVO: /administrator.php?ctg=module&op=module_xpay&action=do_payment&negociation_id=1372&invoice_index=1&output=dialog
OPERAﾃﾃグ: Transacao
ENVIO: <?xml version="1.0" encoding="UTF-8" ?>
<requisicao-transacao id="3c4b6712b92f0cdbe88dea51d6d561f0" versao="1.2.0">
<dados-ec>
      <numero>1001734898</numero>
      <chave>e84827130b9837473681c2787007da5914d6359947015a5cdb2b8843db0fa832</chave>
   </dados-ec>
<dados-pedido>
      <numero>13720107</numero>
      <valor>100</valor>
      <moeda>986</moeda>
      <data-hora>2012-12-03T15:30:06</data-hora>
      <descricao>Douglas Nascimento de Jesus do Sacramento. (douglas.sacramento) - Mensalidade 1 </descricao>
      <idioma>PT</idioma>
   </dados-pedido>
   <forma-pagamento>
      <bandeira>visa</bandeira>
      <produto>1</produto>
      <parcelas>1</parcelas>
   </forma-pagamento>
   <url-retorno>http://www.sysclass.com/administrator.php?route=module/module_xpay_cielo/return_payment</url-retorno>
   <autorizar>2</autorizar>
<capturar>false</capturar>
 <campo-livre> - Mensalidade 1</campo-livre>
</requisicao-transacao>

***********************************************
2012-12-03 15:30:20:000000 (ART)
DO ARQUIVO: /administrator.php?ctg=module&op=module_xpay&action=do_payment&negociation_id=1372&invoice_index=1&output=dialog
OPERAﾃﾃグ: Transacao
RESPOSTA: The requested URL returned error: 503

***********************************************
2012-12-03 15:31:39:000000 (ART)
DO ARQUIVO: /administrator.php?ctg=module&op=module_xpay&action=do_payment&negociation_id=1372&invoice_index=1&output=dialog
OPERAﾃﾃグ: Transacao
ENVIO: <?xml version="1.0" encoding="UTF-8" ?>
<requisicao-transacao id="b8c4edffa54d806c9eea7401134db0de" versao="1.2.0">
<dados-ec>
      <numero>1001734898</numero>
      <chave>e84827130b9837473681c2787007da5914d6359947015a5cdb2b8843db0fa832</chave>
   </dados-ec>
<dados-pedido>
      <numero>13720107</numero>
      <valor>100</valor>
      <moeda>986</moeda>
      <data-hora>2012-12-03T15:31:39</data-hora>
      <descricao>Douglas Nascimento de Jesus do Sacramento. (douglas.sacramento) - Mensalidade 1 </descricao>
      <idioma>PT</idioma>
   </dados-pedido>
   <forma-pagamento>
      <bandeira>visa</bandeira>
      <produto>1</produto>
      <parcelas>1</parcelas>
   </forma-pagamento>
   <url-retorno>http://www.sysclass.com/administrator.php?route=module/module_xpay_cielo/return_payment</url-retorno>
   <autorizar>2</autorizar>
<capturar>false</capturar>
 <campo-livre> - Mensalidade 1</campo-livre>
</requisicao-transacao>

***********************************************
2012-12-03 15:34:30:000000 (ART)
DO ARQUIVO: /administrator.php?ctg=module&op=module_xpay&action=do_payment&negociation_id=1372&invoice_index=1&output=dialog
OPERAﾃﾃグ: Transacao
ENVIO: <?xml version="1.0" encoding="UTF-8" ?>
<requisicao-transacao id="b7d1fa19fdba5d7e608c0edee48b6195" versao="1.2.0">
<dados-ec>
      <numero>1001734898</numero>
      <chave>e84827130b9837473681c2787007da5914d6359947015a5cdb2b8843db0fa832</chave>
   </dados-ec>
<dados-pedido>
      <numero>13720107</numero>
      <valor>100</valor>
      <moeda>986</moeda>
      <data-hora>2012-12-03T15:34:30</data-hora>
      <descricao>Douglas Nascimento de Jesus do Sacramento. (douglas.sacramento) - Mensalidade 1 </descricao>
      <idioma>PT</idioma>
   </dados-pedido>
   <forma-pagamento>
      <bandeira>visa</bandeira>
      <produto>1</produto>
      <parcelas>1</parcelas>
   </forma-pagamento>
   <url-retorno>http://www.sysclass.com/administrator.php?route=module/module_xpay_cielo/return_payment</url-retorno>
   <autorizar>2</autorizar>
<capturar>false</capturar>
 <campo-livre> - Mensalidade 1</campo-livre>
</requisicao-transacao>

***********************************************
2012-12-03 15:39:05:000000 (ART)
DO ARQUIVO: /administrator.php?ctg=module&op=module_xpay&action=do_payment&negociation_id=1372&invoice_index=1&output=dialog
OPERAﾃﾃグ: Transacao
ENVIO: <?xml version="1.0" encoding="UTF-8" ?>
<requisicao-transacao id="518d56960a7343abe14afe9415de9114" versao="1.2.0">
<dados-ec>
      <numero>1001734898</numero>
      <chave>e84827130b9837473681c2787007da5914d6359947015a5cdb2b8843db0fa832</chave>
   </dados-ec>
<dados-pedido>
      <numero>13720107</numero>
      <valor>100</valor>
      <moeda>986</moeda>
      <data-hora>2012-12-03T15:39:05</data-hora>
      <descricao>Douglas Nascimento de Jesus do Sacramento. (douglas.sacramento) - Mensalidade 1 </descricao>
      <idioma>PT</idioma>
   </dados-pedido>
   <forma-pagamento>
      <bandeira>mastercard</bandeira>
      <produto>1</produto>
      <parcelas>1</parcelas>
   </forma-pagamento>
   <url-retorno>http://www.sysclass.com/administrator.php?route=module/module_xpay_cielo/return_payment</url-retorno>
   <autorizar>2</autorizar>
<capturar>false</capturar>
 <campo-livre> - Mensalidade 1</campo-livre>
</requisicao-transacao>

***********************************************
2012-12-03 15:41:51:000000 (ART)
DO ARQUIVO: /administrator.php?ctg=module&op=module_xpay&action=do_payment&negociation_id=1372&invoice_index=1&output=dialog
OPERAﾃﾃグ: Transacao
ENVIO: <?xml version="1.0" encoding="UTF-8" ?>
<requisicao-transacao id="cefad2ddc127ba034ee9eb5254ac7d92" versao="1.2.0">
<dados-ec>
      <numero>1001734898</numero>
      <chave>e84827130b9837473681c2787007da5914d6359947015a5cdb2b8843db0fa832</chave>
   </dados-ec>
<dados-pedido>
      <numero>13720107</numero>
      <valor>100</valor>
      <moeda>986</moeda>
      <data-hora>2012-12-03T15:41:51</data-hora>
      <descricao>Douglas Nascimento de Jesus do Sacramento. (douglas.sacramento) - Mensalidade 1 </descricao>
      <idioma>PT</idioma>
   </dados-pedido>
   <forma-pagamento>
      <bandeira>mastercard</bandeira>
      <produto>1</produto>
      <parcelas>1</parcelas>
   </forma-pagamento>
   <url-retorno>http://www.sysclass.com/administrator.php?route=module/module_xpay_cielo/return_payment</url-retorno>
   <autorizar>2</autorizar>
<capturar>false</capturar>
 <campo-livre> - Mensalidade 1</campo-livre>
</requisicao-transacao>

***********************************************
2012-12-03 15:42:30:000000 (ART)
DO ARQUIVO: /administrator.php?ctg=module&op=module_xpay&action=do_payment&negociation_id=1372&invoice_index=1&output=dialog
OPERAﾃﾃグ: Transacao
ENVIO: <?xml version="1.0" encoding="UTF-8" ?>
<requisicao-transacao id="46bae9e0d04d12ac251dce7e404226f1" versao="1.2.0">
<dados-ec>
      <numero>1001734898</numero>
      <chave>e84827130b9837473681c2787007da5914d6359947015a5cdb2b8843db0fa832</chave>
   </dados-ec>
<dados-pedido>
      <numero>13720107</numero>
      <valor>100</valor>
      <moeda>986</moeda>
      <data-hora>2012-12-03T15:42:30</data-hora>
      <descricao>Douglas Nascimento de Jesus do Sacramento. (douglas.sacramento) - Mensalidade 1 </descricao>
      <idioma>PT</idioma>
   </dados-pedido>
   <forma-pagamento>
      <bandeira>mastercard</bandeira>
      <produto>1</produto>
      <parcelas>1</parcelas>
   </forma-pagamento>
   <url-retorno>http://www.sysclass.com/administrator.php?route=module/module_xpay_cielo/return_payment</url-retorno>
   <autorizar>2</autorizar>
<capturar>false</capturar>
 <campo-livre> - Mensalidade 1</campo-livre>
</requisicao-transacao>

***********************************************
2012-12-03 15:43:35:000000 (ART)
DO ARQUIVO: /administrator.php?ctg=module&op=module_xpay&action=do_payment&negociation_id=1372&invoice_index=1&output=dialog
OPERAﾃﾃグ: Transacao
ENVIO: <?xml version="1.0" encoding="UTF-8" ?>
<requisicao-transacao id="ecc2fce3ba5afdc20c48a187e526fef3" versao="1.2.0">
<dados-ec>
      <numero>1001734898</numero>
      <chave>e84827130b9837473681c2787007da5914d6359947015a5cdb2b8843db0fa832</chave>
   </dados-ec>
<dados-pedido>
      <numero>13720107</numero>
      <valor>100</valor>
      <moeda>986</moeda>
      <data-hora>2012-12-03T15:43:35</data-hora>
      <descricao>Douglas Nascimento de Jesus do Sacramento. (douglas.sacramento) - Mensalidade 1 </descricao>
      <idioma>PT</idioma>
   </dados-pedido>
   <forma-pagamento>
      <bandeira>mastercard</bandeira>
      <produto>1</produto>
      <parcelas>1</parcelas>
   </forma-pagamento>
   <url-retorno>http://www.sysclass.com/administrator.php?route=module/module_xpay_cielo/return_payment</url-retorno>
   <autorizar>2</autorizar>
<capturar>false</capturar>
 <campo-livre> - Mensalidade 1</campo-livre>
</requisicao-transacao>

***********************************************
2012-12-03 15:46:14:000000 (ART)
DO ARQUIVO: /administrator.php?ctg=module&op=module_xpay&action=do_payment&negociation_id=1372&invoice_index=1&output=dialog
OPERAﾃﾃグ: Transacao
ENVIO: <?xml version="1.0" encoding="UTF-8" ?>
<requisicao-transacao id="82666390f5bfaee74cb99b8e4d551168" versao="1.2.0">
<dados-ec>
      <numero>1027241163</numero>
      <chave>149644d64ba539a638060b0c043361b3c2bafc4df10dc0980c934251c53cc455</chave>
   </dados-ec>
<dados-pedido>
      <numero>13720107</numero>
      <valor>100</valor>
      <moeda>986</moeda>
      <data-hora>2012-12-03T15:46:14</data-hora>
      <descricao>Douglas Nascimento de Jesus do Sacramento. (douglas.sacramento) - Mensalidade 1 </descricao>
      <idioma>PT</idioma>
   </dados-pedido>
   <forma-pagamento>
      <bandeira>mastercard</bandeira>
      <produto>1</produto>
      <parcelas>1</parcelas>
   </forma-pagamento>
   <url-retorno>http://www.sysclass.com/administrator.php?route=module/module_xpay_cielo/return_payment</url-retorno>
   <autorizar>2</autorizar>
<capturar>false</capturar>
 <campo-livre> - Mensalidade 1</campo-livre>
</requisicao-transacao>

***********************************************
2012-12-03 15:47:22:000000 (ART)
DO ARQUIVO: /administrator.php?ctg=module&op=module_xpay&action=do_payment&negociation_id=1372&invoice_index=1&output=dialog
OPERAﾃﾃグ: Transacao
ENVIO: <?xml version="1.0" encoding="UTF-8" ?>
<requisicao-transacao id="00b8ecbd64a63bf19548eb9c9ccfd610" versao="1.2.0">
<dados-ec>
      <numero>1027241163</numero>
      <chave>149644d64ba539a638060b0c043361b3c2bafc4df10dc0980c934251c53cc455</chave>
   </dados-ec>
<dados-pedido>
      <numero>13720107</numero>
      <valor>100</valor>
      <moeda>986</moeda>
      <data-hora>2012-12-03T15:47:22</data-hora>
      <descricao>Douglas Nascimento de Jesus do Sacramento. (douglas.sacramento) - Mensalidade 1 </descricao>
      <idioma>PT</idioma>
   </dados-pedido>
   <forma-pagamento>
      <bandeira>mastercard</bandeira>
      <produto>1</produto>
      <parcelas>1</parcelas>
   </forma-pagamento>
   <url-retorno>http://www.sysclass.com/administrator.php?route=module/module_xpay_cielo/return_payment</url-retorno>
   <autorizar>2</autorizar>
<capturar>false</capturar>
 <campo-livre> - Mensalidade 1</campo-livre>
</requisicao-transacao>

***********************************************
2012-12-03 15:47:24:000000 (ART)
DO ARQUIVO: /administrator.php?ctg=module&op=module_xpay&action=do_payment&negociation_id=1372&invoice_index=1&output=dialog
OPERAﾃﾃグ: Transacao
ENVIO: <?xml version="1.0" encoding="UTF-8" ?>
<requisicao-transacao id="a1d73ee9cd734a23fb26636a98027d72" versao="1.2.0">
<dados-ec>
      <numero>1027241163</numero>
      <chave>149644d64ba539a638060b0c043361b3c2bafc4df10dc0980c934251c53cc455</chave>
   </dados-ec>
<dados-pedido>
      <numero>13720107</numero>
      <valor>100</valor>
      <moeda>986</moeda>
      <data-hora>2012-12-03T15:47:24</data-hora>
      <descricao>Douglas Nascimento de Jesus do Sacramento. (douglas.sacramento) - Mensalidade 1 </descricao>
      <idioma>PT</idioma>
   </dados-pedido>
   <forma-pagamento>
      <bandeira>mastercard</bandeira>
      <produto>1</produto>
      <parcelas>1</parcelas>
   </forma-pagamento>
   <url-retorno>http://www.sysclass.com/administrator.php?route=module/module_xpay_cielo/return_payment</url-retorno>
   <autorizar>2</autorizar>
<capturar>false</capturar>
 <campo-livre> - Mensalidade 1</campo-livre>
</requisicao-transacao>

***********************************************
2012-12-03 15:48:11:000000 (ART)
DO ARQUIVO: /administrator.php?ctg=module&op=module_xpay&action=do_payment&negociation_id=1372&invoice_index=1&output=dialog
OPERAﾃﾃグ: Transacao
ENVIO: <?xml version="1.0" encoding="UTF-8" ?>
<requisicao-transacao id="d229b312408eafb3d8277ee3bc588908" versao="1.2.0">
<dados-ec>
      <numero>1027241163</numero>
      <chave>149644d64ba539a638060b0c043361b3c2bafc4df10dc0980c934251c53cc455</chave>
   </dados-ec>
<dados-pedido>
      <numero>13720107</numero>
      <valor>100</valor>
      <moeda>986</moeda>
      <data-hora>2012-12-03T15:48:11</data-hora>
      <descricao>Douglas Nascimento de Jesus do Sacramento. (douglas.sacramento) - Mensalidade 1 </descricao>
      <idioma>PT</idioma>
   </dados-pedido>
   <forma-pagamento>
      <bandeira>mastercard</bandeira>
      <produto>1</produto>
      <parcelas>1</parcelas>
   </forma-pagamento>
   <url-retorno>http://www.sysclass.com/administrator.php?route=module/module_xpay_cielo/return_payment</url-retorno>
   <autorizar>2</autorizar>
<capturar>false</capturar>
 <campo-livre> - Mensalidade 1</campo-livre>
</requisicao-transacao>

***********************************************
2012-12-03 15:48:12:000000 (ART)
DO ARQUIVO: /administrator.php?ctg=module&op=module_xpay&action=do_payment&negociation_id=1372&invoice_index=1&output=dialog
OPERAﾃﾃグ: Transacao
RESPOSTA: <?xml version="1.0" encoding="ISO-8859-1"?>
<transacao versao="1.2.0" id="d229b312408eafb3d8277ee3bc588908" xmlns="http://ecommerce.cbmp.com.br">
  <tid>10272411630000511001</tid>
  <dados-pedido>
    <numero>13720107</numero>
    <valor>100</valor>
    <moeda>986</moeda>
    <data-hora>2012-12-03T16:25:38.438-02:00</data-hora>
    <descricao>Douglas Nascimento de Jesus do Sacramento. (douglas.sacramento) - Mensalidade 1</descricao>
    <idioma>PT</idioma>
  </dados-pedido>
  <forma-pagamento>
    <bandeira>mastercard</bandeira>
    <produto>1</produto>
    <parcelas>1</parcelas>
  </forma-pagamento>
  <status>0</status>
  <url-autenticacao>https://ecommerce.cielo.com.br/web/index.cbmp?id=f6efbf59466dd02c9a6a3f56a3308f82</url-autenticacao>
</transacao>


***********************************************
2012-12-03 15:49:16:000000 (ART)
DO ARQUIVO: /administrator.php?ctg=module&op=module_xpay&action=do_payment&negociation_id=1372&invoice_index=1&output=dialog
OPERAﾃﾃグ: Transacao
ENVIO: <?xml version="1.0" encoding="UTF-8" ?>
<requisicao-transacao id="fd7b5aaffaaff0ae67a9741a7d9be3cd" versao="1.2.0">
<dados-ec>
      <numero>1027241163</numero>
      <chave>149644d64ba539a638060b0c043361b3c2bafc4df10dc0980c934251c53cc455</chave>
   </dados-ec>
<dados-pedido>
      <numero>13720107</numero>
      <valor>100</valor>
      <moeda>986</moeda>
      <data-hora>2012-12-03T15:49:16</data-hora>
      <descricao>Douglas Nascimento de Jesus do Sacramento. (douglas.sacramento) - Mensalidade 1 </descricao>
      <idioma>PT</idioma>
   </dados-pedido>
   <forma-pagamento>
      <bandeira>mastercard</bandeira>
      <produto>1</produto>
      <parcelas>1</parcelas>
   </forma-pagamento>
   <url-retorno>http://www.sysclass.com/administrator.php?route=module/module_xpay_cielo/return_payment</url-retorno>
   <autorizar>2</autorizar>
<capturar>false</capturar>
 <campo-livre> - Mensalidade 1</campo-livre>
</requisicao-transacao>

***********************************************
2012-12-03 15:49:17:000000 (ART)
DO ARQUIVO: /administrator.php?ctg=module&op=module_xpay&action=do_payment&negociation_id=1372&invoice_index=1&output=dialog
OPERAﾃﾃグ: Transacao
RESPOSTA: <?xml version="1.0" encoding="ISO-8859-1"?>
<transacao versao="1.2.0" id="fd7b5aaffaaff0ae67a9741a7d9be3cd" xmlns="http://ecommerce.cbmp.com.br">
  <tid>10272411630000521001</tid>
  <dados-pedido>
    <numero>13720107</numero>
    <valor>100</valor>
    <moeda>986</moeda>
    <data-hora>2012-12-03T16:26:42.936-02:00</data-hora>
    <descricao>Douglas Nascimento de Jesus do Sacramento. (douglas.sacramento) - Mensalidade 1</descricao>
    <idioma>PT</idioma>
  </dados-pedido>
  <forma-pagamento>
    <bandeira>mastercard</bandeira>
    <produto>1</produto>
    <parcelas>1</parcelas>
  </forma-pagamento>
  <status>0</status>
  <url-autenticacao>https://ecommerce.cielo.com.br/web/index.cbmp?id=3be5a76baa4c85e8cffd61ca7e08ac96</url-autenticacao>
</transacao>


***********************************************
2012-12-03 15:50:16:000000 (ART)
DO ARQUIVO: /administrator.php?route=module/module_xpay_cielo/return_payment
OPERAﾃﾃグ: Consulta
ENVIO: <?xml version="1.0" encoding="UTF-8" ?>
<requisicao-consulta id="972cc9b5b52b2f6ec94fc3e5127bd760" versao="1.2.0">
   <tid>10272411630000521001</tid>
   <dados-ec>
      <numero>1027241163</numero>
      <chave>149644d64ba539a638060b0c043361b3c2bafc4df10dc0980c934251c53cc455</chave>
   </dados-ec>
</requisicao-consulta>

***********************************************
2012-12-03 15:50:17:000000 (ART)
DO ARQUIVO: /administrator.php?route=module/module_xpay_cielo/return_payment
OPERAﾃﾃグ: Consulta
RESPOSTA: <?xml version="1.0" encoding="ISO-8859-1"?>
<transacao versao="1.2.0" id="972cc9b5b52b2f6ec94fc3e5127bd760" xmlns="http://ecommerce.cbmp.com.br">
  <tid>10272411630000521001</tid>
  <pan>UVNn/z/vT65WAaHEkt+iiw9MrBsLSPJfmpdZF8hKbKM=</pan>
  <dados-pedido>
    <numero>13720107</numero>
    <valor>100</valor>
    <moeda>986</moeda>
    <data-hora>2012-12-03T16:26:42.936-02:00</data-hora>
    <descricao>Douglas Nascimento de Jesus do Sacramento. (douglas.sacramento) - Mensalidade 1</descricao>
    <idioma>PT</idioma>
  </dados-pedido>
  <forma-pagamento>
    <bandeira>mastercard</bandeira>
    <produto>1</produto>
    <parcelas>1</parcelas>
  </forma-pagamento>
  <status>4</status>
  <autenticacao>
    <codigo>4</codigo>
    <mensagem>Transacao sem autenticacao</mensagem>
    <data-hora>2012-12-03T16:27:40.933-02:00</data-hora>
    <valor>100</valor>
    <eci>1</eci>
  </autenticacao>
  <autorizacao>
    <codigo>4</codigo>
    <mensagem>Transa鈬o autorizada</mensagem>
    <data-hora>2012-12-03T16:27:40.966-02:00</data-hora>
    <valor>100</valor>
    <lr>00</lr>
    <arp>090620</arp>
    <nsu>000082</nsu>
  </autorizacao>
</transacao>


***********************************************
2012-12-03 15:52:24:000000 (ART)
DO ARQUIVO: /administrator.php?route=module/module_xpay_cielo/return_payment
OPERAﾃﾃグ: Consulta
ENVIO: <?xml version="1.0" encoding="UTF-8" ?>
<requisicao-consulta id="690fe0c00c5057fb9ab4be6d2a1029c9" versao="1.2.0">
   <tid>10272411630000521001</tid>
   <dados-ec>
      <numero>1027241163</numero>
      <chave>149644d64ba539a638060b0c043361b3c2bafc4df10dc0980c934251c53cc455</chave>
   </dados-ec>
</requisicao-consulta>

***********************************************
2012-12-03 15:52:27:000000 (ART)
DO ARQUIVO: /administrator.php?route=module/module_xpay_cielo/return_payment
OPERAﾃﾃグ: Consulta
RESPOSTA: <?xml version="1.0" encoding="ISO-8859-1"?>
<transacao versao="1.2.0" id="690fe0c00c5057fb9ab4be6d2a1029c9" xmlns="http://ecommerce.cbmp.com.br">
  <tid>10272411630000521001</tid>
  <pan>UVNn/z/vT65WAaHEkt+iiw9MrBsLSPJfmpdZF8hKbKM=</pan>
  <dados-pedido>
    <numero>13720107</numero>
    <valor>100</valor>
    <moeda>986</moeda>
    <data-hora>2012-12-03T16:26:42.936-02:00</data-hora>
    <descricao>Douglas Nascimento de Jesus do Sacramento. (douglas.sacramento) - Mensalidade 1</descricao>
    <idioma>PT</idioma>
  </dados-pedido>
  <forma-pagamento>
    <bandeira>mastercard</bandeira>
    <produto>1</produto>
    <parcelas>1</parcelas>
  </forma-pagamento>
  <status>4</status>
  <autenticacao>
    <codigo>4</codigo>
    <mensagem>Transacao sem autenticacao</mensagem>
    <data-hora>2012-12-03T16:27:40.933-02:00</data-hora>
    <valor>100</valor>
    <eci>1</eci>
  </autenticacao>
  <autorizacao>
    <codigo>4</codigo>
    <mensagem>Transa鈬o autorizada</mensagem>
    <data-hora>2012-12-03T16:27:40.966-02:00</data-hora>
    <valor>100</valor>
    <lr>00</lr>
    <arp>090620</arp>
    <nsu>000082</nsu>
  </autorizacao>
</transacao>


